CRITICAL - 2023-05-17 05:36:26 --> Undefined variable $post_data
in APPPATH\Views\user\postlist.php on line 21.
 1 APPPATH\Views\user\postlist.php(21): CodeIgniter\Debug\Exceptions->errorHandler(2, 'Undefined variable $post_data', 'APPPATH\\Views\\user\\postlist.php', 21)
 2 SYSTEMPATH\View\View.php(213): include('APPPATH\\Views\\user\\postlist.php')
 3 SYSTEMPATH\View\View.php(216): CodeIgniter\View\View->CodeIgniter\View\{closure}()
 4 SYSTEMPATH\Common.php(1135): CodeIgniter\View\View->render('user/postlist', [], true)
 5 APPPATH\Controllers\User.php(238): view('user/postlist', [...])
 6 SYSTEMPATH\CodeIgniter.php(896): App\Controllers\User->postlist()
 7 SYSTEMPATH\CodeIgniter.php(466): CodeIgniter\CodeIgniter->runController(Object(App\Controllers\User))
 8 SYSTEMPATH\CodeIgniter.php(349): CodeIgniter\CodeIgniter->handleRequest(null, Object(Config\Cache), false)
 9 FCPATH\index.php(55): CodeIgniter\CodeIgniter->run()
CRITICAL - 2023-05-17 10:19:54 --> syntax error, unexpected token "echo"
in APPPATH\Views\user\postlist.php on line 23.
 1 SYSTEMPATH\View\View.php(216): CodeIgniter\View\View->CodeIgniter\View\{closure}()
 2 SYSTEMPATH\Common.php(1135): CodeIgniter\View\View->render('user/postlist', [], true)
 3 APPPATH\Controllers\User.php(238): view('user/postlist', [...])
 4 SYSTEMPATH\CodeIgniter.php(896): App\Controllers\User->postlist()
 5 SYSTEMPATH\CodeIgniter.php(466): CodeIgniter\CodeIgniter->runController(Object(App\Controllers\User))
 6 SYSTEMPATH\CodeIgniter.php(349): CodeIgniter\CodeIgniter->handleRequest(null, Object(Config\Cache), false)
 7 FCPATH\index.php(55): CodeIgniter\CodeIgniter->run()
CRITICAL - 2023-05-17 10:23:46 --> syntax error, unexpected token "foreach"
in APPPATH\Views\user\postlist.php on line 24.
 1 SYSTEMPATH\View\View.php(216): CodeIgniter\View\View->CodeIgniter\View\{closure}()
 2 SYSTEMPATH\Common.php(1135): CodeIgniter\View\View->render('user/postlist', [], true)
 3 APPPATH\Controllers\User.php(238): view('user/postlist', [...])
 4 SYSTEMPATH\CodeIgniter.php(896): App\Controllers\User->postlist()
 5 SYSTEMPATH\CodeIgniter.php(466): CodeIgniter\CodeIgniter->runController(Object(App\Controllers\User))
 6 SYSTEMPATH\CodeIgniter.php(349): CodeIgniter\CodeIgniter->handleRequest(null, Object(Config\Cache), false)
 7 FCPATH\index.php(55): CodeIgniter\CodeIgniter->run()
CRITICAL - 2023-05-17 10:26:54 --> syntax error, unexpected token "/"
in APPPATH\Views\user\postlist.php on line 52.
 1 SYSTEMPATH\View\View.php(216): CodeIgniter\View\View->CodeIgniter\View\{closure}()
 2 SYSTEMPATH\Common.php(1135): CodeIgniter\View\View->render('user/postlist', [], true)
 3 APPPATH\Controllers\User.php(238): view('user/postlist', [...])
 4 SYSTEMPATH\CodeIgniter.php(896): App\Controllers\User->postlist()
 5 SYSTEMPATH\CodeIgniter.php(466): CodeIgniter\CodeIgniter->runController(Object(App\Controllers\User))
 6 SYSTEMPATH\CodeIgniter.php(349): CodeIgniter\CodeIgniter->handleRequest(null, Object(Config\Cache), false)
 7 FCPATH\index.php(55): CodeIgniter\CodeIgniter->run()
